2020/03/17 19:05:51 [INFO] Packer version: 1.5.4 [go1.13.8 darwin amd64]
2020/03/17 19:05:51 Checking 'PACKER_CONFIG' for a config file path
2020/03/17 19:05:51 'PACKER_CONFIG' not set; checking the default config file path
2020/03/17 19:05:51 Attempting to open config file: /Users/robzr/.packerconfig
2020/03/17 19:05:51 [WARN] Config file doesn't exist: /Users/robzr/.packerconfig
2020/03/17 19:05:51 Setting cache directory: /Users/robzr/github/ss_homework/packer/packer_cache
2020/03/17 19:05:51 waiting for all plugin processes to complete...
panic: runtime error: invalid memory address or nil pointer dereference
[signal SIGSEGV: segmentation violation code=0x1 addr=0x0 pc=0x4a183d7]

goroutine 1 [running]:
github.com/hashicorp/packer/hcl2template.(*Variable).Value(0xc0001eee70, 0xc0003c6540, 0xc000626f20, 0x0, 0x0, 0xc000404800)
	/private/tmp/packer-20200215-62787-y95gm9/hcl2template/types.variables.go:64 +0x197
github.com/hashicorp/packer/hcl2template.Variables.Values(0xc0003c6540, 0xc0003c6e40)
	/private/tmp/packer-20200215-62787-y95gm9/hcl2template/types.variables.go:73 +0xc3
github.com/hashicorp/packer/hcl2template.(*PackerConfig).EvalContext(0xc0001a69c0, 0xc0003c6690)
	/private/tmp/packer-20200215-62787-y95gm9/hcl2template/types.packer_config.go:39 +0x111
github.com/hashicorp/packer/hcl2template.(*Parser).getBuilds(0xc000627370, 0xc0001a69c0, 0x0, 0xc00056e400, 0xc0001a69c0, 0x0, 0x0, 0x0)
	/private/tmp/packer-20200215-62787-y95gm9/hcl2template/types.packer_config.go:104 +0x1ab
github.com/hashicorp/packer/hcl2template.(*Parser).Parse(0xc000627370, 0x7ffeefbff583, 0x1, 0xc00056e450, 0xc000392340, 0xc000627330, 0x40d95ed, 0x7ffeefbff583, 0x1, 0x84c3200)
	/private/tmp/packer-20200215-62787-y95gm9/hcl2template/types.packer_config.go:167 +0xd1
github.com/hashicorp/packer/command.(*BuildCommand).GetBuildsFromHCL(0xc0004252c0, 0x7ffeefbff583, 0x1, 0x0, 0x0, 0xc000404800, 0x1)
	/private/tmp/packer-20200215-62787-y95gm9/command/build.go:107 +0x123
github.com/hashicorp/packer/command.(*BuildCommand).GetBuilds(0xc0004252c0, 0x7ffeefbff583, 0x1, 0x3, 0x1, 0x7fffffffffffffff, 0x0)
	/private/tmp/packer-20200215-62787-y95gm9/command/build.go:136 +0x543
github.com/hashicorp/packer/command.(*BuildCommand).RunContext(0xc0004252c0, 0x84a7760, 0xc0000c5c80, 0xc0000f6020, 0x3, 0x3, 0xc0000c5c80)
	/private/tmp/packer-20200215-62787-y95gm9/command/build.go:185 +0xca
github.com/hashicorp/packer/command.(*BuildCommand).Run(0xc0004252c0, 0xc0000f6020, 0x3, 0x3, 0x0)
	/private/tmp/packer-20200215-62787-y95gm9/command/build.go:55 +0x201
github.com/mitchellh/cli.(*CLI).Run(0xc0005a4280, 0xc0005a4280, 0x1, 0x1)
	/private/tmp/packer-20200215-62787-y95gm9/.brew_home/go/pkg/mod/github.com/mitchellh/cli@v1.0.0/cli.go:255 +0x1da
main.wrappedMain(0x0)
	/private/tmp/packer-20200215-62787-y95gm9/main.go:238 +0x853
main.realMain(0x0)
	/private/tmp/packer-20200215-62787-y95gm9/main.go:124 +0xbb
main.main()
	/private/tmp/packer-20200215-62787-y95gm9/main.go:34 +0x22
